TN:
SF:api\sources\common.js
FN:11,logStructured
FN:41,withRetry
FN:79,isDateWithinRange
FN:109,uniqBy
FN:128,normalizeText
FN:140,sleep
FN:141,(anonymous_6)
FNF:7
FNH:3
FNDA:13,logStructured
FNDA:0,withRetry
FNDA:63,isDateWithinRange
FNDA:4,uniqBy
FNDA:0,normalizeText
FNDA:0,sleep
FNDA:0,(anonymous_6)
DA:1,1
DA:2,1
DA:12,13
DA:20,13
DA:21,13
DA:22,3
DA:23,3
DA:26,10
DA:27,0
DA:28,0
DA:31,10
DA:42,0
DA:43,0
DA:44,0
DA:46,0
DA:47,0
DA:48,0
DA:49,0
DA:56,0
DA:58,0
DA:60,0
DA:61,0
DA:64,0
DA:65,0
DA:69,0
DA:80,63
DA:82,63
DA:83,63
DA:85,63
DA:86,0
DA:87,0
DA:88,0
DA:92,63
DA:93,0
DA:94,0
DA:95,0
DA:99,63
DA:110,4
DA:111,4
DA:113,4
DA:114,63
DA:115,63
DA:116,63
DA:117,63
DA:120,4
DA:129,0
DA:141,0
LF:47
LH:23
BRDA:11,0,0,13
BRDA:21,1,0,3
BRDA:21,1,1,10
BRDA:26,2,0,0
BRDA:26,2,1,10
BRDA:42,3,0,0
BRDA:42,3,1,0
BRDA:43,4,0,0
BRDA:43,4,1,0
BRDA:48,5,0,0
BRDA:48,5,1,0
BRDA:60,6,0,0
BRDA:60,6,1,0
BRDA:69,7,0,0
BRDA:69,7,1,0
BRDA:80,8,0,0
BRDA:80,8,1,63
BRDA:83,9,0,0
BRDA:83,9,1,63
BRDA:85,10,0,0
BRDA:85,10,1,63
BRDA:87,11,0,0
BRDA:87,11,1,0
BRDA:87,12,0,0
BRDA:87,12,1,0
BRDA:92,13,0,0
BRDA:92,13,1,63
BRDA:94,14,0,0
BRDA:94,14,1,0
BRDA:94,15,0,0
BRDA:94,15,1,0
BRDA:115,16,0,0
BRDA:115,16,1,63
BRDA:115,17,0,63
BRDA:115,17,1,63
BRDA:129,18,0,0
BRDA:129,18,1,0
BRF:37
BRH:11
end_of_record
TN:
SF:api\sources\pncp-adapter.js
FN:19,(anonymous_0)
FN:33,(anonymous_1)
FN:34,(anonymous_2)
FN:37,(anonymous_3)
FN:37,(anonymous_4)
FN:40,getRequestTimeoutMs
FN:49,safeStringify
FN:57,normalizeIncomingItem
FN:87,normalizePayload
FN:94,(anonymous_9)
FN:108,resolvePncpUrl
FN:115,fetchByKeywordPage
FN:126,(anonymous_12)
FN:148,(anonymous_13)
FN:158,fetchByKeyword
FN:175,(anonymous_15)
FN:185,(anonymous_16)
FN:195,fetch
FN:209,(anonymous_18)
FN:229,(anonymous_19)
FNF:20
FNH:19
FNDA:63,(anonymous_0)
FNDA:4,(anonymous_1)
FNDA:1,(anonymous_2)
FNDA:6,(anonymous_3)
FNDA:64,(anonymous_4)
FNDA:6,getRequestTimeoutMs
FNDA:2,safeStringify
FNDA:64,normalizeIncomingItem
FNDA:6,normalizePayload
FNDA:4,(anonymous_9)
FNDA:63,resolvePncpUrl
FNDA:7,fetchByKeywordPage
FNDA:1,(anonymous_12)
FNDA:0,(anonymous_13)
FNDA:6,fetchByKeyword
FNDA:63,(anonymous_15)
FNDA:63,(anonymous_16)
FNDA:6,fetch
FNDA:6,(anonymous_18)
FNDA:63,(anonymous_19)
DA:4,1
DA:5,1
DA:6,1
DA:7,1
DA:18,1
DA:19,63
DA:31,1
DA:33,4
DA:34,1
DA:37,64
DA:41,6
DA:42,6
DA:43,6
DA:46,0
DA:50,2
DA:51,2
DA:53,0
DA:58,64
DA:59,64
DA:61,64
DA:67,64
DA:88,6
DA:90,6
DA:91,5
DA:94,4
DA:100,1
DA:105,1
DA:109,63
DA:110,63
DA:111,63
DA:112,63
DA:116,7
DA:124,7
DA:125,7
DA:126,7
DA:129,7
DA:130,7
DA:135,1
DA:136,1
DA:139,0
DA:141,7
DA:144,6
DA:145,0
DA:148,6
DA:149,6
DA:159,6
DA:160,6
DA:161,6
DA:163,6
DA:164,7
DA:165,5
DA:167,5
DA:168,4
DA:171,1
DA:174,4
DA:176,63
DA:177,63
DA:185,63
DA:196,6
DA:197,6
DA:198,0
DA:199,0
DA:202,6
DA:204,6
DA:205,6
DA:207,6
DA:208,6
DA:209,6
DA:213,4
DA:215,2
DA:216,2
DA:217,2
DA:221,6
DA:222,2
DA:223,2
DA:226,0
DA:229,63
DA:230,4
DA:231,4
LF:79
LH:72
BRDA:42,0,0,6
BRDA:42,0,1,0
BRDA:42,1,0,6
BRDA:42,1,1,6
BRDA:58,2,0,64
BRDA:58,2,1,0
BRDA:58,3,0,64
BRDA:58,3,1,64
BRDA:59,4,0,64
BRDA:59,4,1,1
BRDA:59,4,2,1
BRDA:61,5,0,64
BRDA:61,5,1,1
BRDA:61,5,2,1
BRDA:61,5,3,1
BRDA:61,5,4,1
BRDA:68,6,0,64
BRDA:68,6,1,1
BRDA:69,7,0,64
BRDA:69,7,1,0
BRDA:69,7,2,0
BRDA:70,8,0,64
BRDA:70,8,1,1
BRDA:70,8,2,1
BRDA:74,9,0,64
BRDA:74,9,1,1
BRDA:76,10,0,64
BRDA:76,10,1,1
BRDA:76,10,2,1
BRDA:76,10,3,1
BRDA:76,10,4,1
BRDA:76,10,5,1
BRDA:82,11,0,64
BRDA:82,11,1,1
BRDA:82,11,2,1
BRDA:83,12,0,64
BRDA:83,12,1,1
BRDA:83,12,2,1
BRDA:90,13,0,5
BRDA:90,13,1,1
BRDA:108,14,0,63
BRDA:109,15,0,63
BRDA:109,15,1,63
BRDA:109,15,2,0
BRDA:109,15,3,0
BRDA:109,15,4,0
BRDA:110,16,0,0
BRDA:110,16,1,63
BRDA:111,17,0,0
BRDA:111,17,1,63
BRDA:135,18,0,1
BRDA:135,18,1,0
BRDA:144,19,0,0
BRDA:144,19,1,6
BRDA:167,20,0,4
BRDA:167,20,1,1
BRDA:176,21,0,63
BRDA:176,21,1,0
BRDA:178,22,0,63
BRDA:178,22,1,0
BRDA:180,23,0,63
BRDA:180,23,1,0
BRDA:195,24,0,6
BRDA:195,25,0,6
BRDA:195,26,0,6
BRDA:196,27,0,6
BRDA:196,27,1,0
BRDA:197,28,0,0
BRDA:197,28,1,6
BRDA:215,29,0,2
BRDA:215,29,1,0
BRDA:221,30,0,2
BRDA:221,30,1,4
BRDA:221,31,0,6
BRDA:221,31,1,2
BRDA:222,32,0,2
BRDA:222,32,1,0
BRF:77
BRH:59
end_of_record
